[2021-02-16 15:16:02.411] [jointLog] [info] setting maxHashResizeThreads to 30
[2021-02-16 15:16:02.411] [jointLog] [info] Fragment incompatibility prior below threshold.  Incompatible fragments will be ignored.
[2021-02-16 15:16:02.411] [jointLog] [info] Usage of --validateMappings implies use of minScoreFraction. Since not explicitly specified, it is being set to 0.65
[2021-02-16 15:16:02.411] [jointLog] [info] Setting consensusSlack to selective-alignment default of 0.35.
[2021-02-16 15:16:02.411] [jointLog] [info] parsing read library format
[2021-02-16 15:16:02.411] [jointLog] [info] There is 1 library.
[2021-02-16 15:16:02.722] [jointLog] [info] Loading pufferfish index
[2021-02-16 15:16:02.722] [jointLog] [info] Loading dense pufferfish index.
[2021-02-16 15:16:02.747] [jointLog] [info] done
[2021-02-16 15:16:02.747] [jointLog] [info] Index contained 1,597 targets
[2021-02-16 15:16:02.754] [jointLog] [info] Number of decoys : 0
[2021-02-16 15:16:04.037] [jointLog] [info] Automatically detected most likely library type as ISR

[2021-02-16 15:17:36.648] [jointLog] [info] Thread saw mini-batch with a maximum of 2.26% zero probability fragments
[2021-02-16 15:17:36.648] [jointLog] [info] Thread saw mini-batch with a maximum of 2.10% zero probability fragments
[2021-02-16 15:17:36.648] [jointLog] [info] Thread saw mini-batch with a maximum of 2.06% zero probability fragments
[2021-02-16 15:17:36.648] [jointLog] [info] Thread saw mini-batch with a maximum of 2.34% zero probability fragments
[2021-02-16 15:17:36.648] [jointLog] [info] Thread saw mini-batch with a maximum of 2.16% zero probability fragments
[2021-02-16 15:17:36.648] [jointLog] [info] Thread saw mini-batch with a maximum of 2.14% zero probability fragments
[2021-02-16 15:17:36.648] [jointLog] [info] Thread saw mini-batch with a maximum of 2.02% zero probability fragments
[2021-02-16 15:17:36.650] [jointLog] [info] Thread saw mini-batch with a maximum of 2.22% zero probability fragments
[2021-02-16 15:17:36.650] [jointLog] [info] Thread saw mini-batch with a maximum of 2.14% zero probability fragments
[2021-02-16 15:17:36.650] [jointLog] [info] Thread saw mini-batch with a maximum of 2.16% zero probability fragments
[2021-02-16 15:17:36.650] [jointLog] [info] Thread saw mini-batch with a maximum of 2.12% zero probability fragments
[2021-02-16 15:17:36.651] [jointLog] [info] Thread saw mini-batch with a maximum of 2.10% zero probability fragments
[2021-02-16 15:17:36.651] [jointLog] [info] Thread saw mini-batch with a maximum of 2.06% zero probability fragments
[2021-02-16 15:17:36.651] [jointLog] [info] Thread saw mini-batch with a maximum of 2.18% zero probability fragments
[2021-02-16 15:17:36.652] [jointLog] [info] Thread saw mini-batch with a maximum of 2.18% zero probability fragments
[2021-02-16 15:17:36.652] [jointLog] [info] Thread saw mini-batch with a maximum of 2.04% zero probability fragments
[2021-02-16 15:17:36.652] [jointLog] [info] Thread saw mini-batch with a maximum of 2.22% zero probability fragments
[2021-02-16 15:17:36.654] [jointLog] [info] Thread saw mini-batch with a maximum of 2.10% zero probability fragments
[2021-02-16 15:17:36.654] [jointLog] [info] Thread saw mini-batch with a maximum of 2.14% zero probability fragments
[2021-02-16 15:17:36.655] [jointLog] [info] Thread saw mini-batch with a maximum of 2.18% zero probability fragments
[2021-02-16 15:17:36.688] [jointLog] [info] Thread saw mini-batch with a maximum of 2.18% zero probability fragments
[2021-02-16 15:17:36.728] [jointLog] [info] Thread saw mini-batch with a maximum of 2.06% zero probability fragments
[2021-02-16 15:17:36.731] [jointLog] [info] Thread saw mini-batch with a maximum of 2.20% zero probability fragments
[2021-02-16 15:17:36.762] [jointLog] [info] Thread saw mini-batch with a maximum of 2.00% zero probability fragments
[2021-02-16 15:17:36.806] [jointLog] [info] Thread saw mini-batch with a maximum of 2.20% zero probability fragments
[2021-02-16 15:17:36.808] [jointLog] [info] Thread saw mini-batch with a maximum of 2.12% zero probability fragments
[2021-02-16 15:17:36.853] [jointLog] [info] Thread saw mini-batch with a maximum of 2.10% zero probability fragments
[2021-02-16 15:17:36.887] [jointLog] [info] Thread saw mini-batch with a maximum of 2.08% zero probability fragments
[2021-02-16 15:17:36.912] [jointLog] [info] Thread saw mini-batch with a maximum of 2.20% zero probability fragments
[2021-02-16 15:17:36.929] [jointLog] [info] Thread saw mini-batch with a maximum of 2.04% zero probability fragments
[2021-02-16 15:17:37.375] [fileLog] [info] 
At end of round 0
==================
Observed 17198968 total fragments (17198968 in most recent round)

[2021-02-16 15:17:37.372] [jointLog] [info] Computed 5,949 rich equivalence classes for further processing
[2021-02-16 15:17:37.372] [jointLog] [info] Counted 11,547,756 total reads in the equivalence classes 
[2021-02-16 15:17:37.456] [jointLog] [warning] 0.00514566% of fragments were shorter than the k used to build the index.
If this fraction is too large, consider re-building the index with a smaller k.
The minimum read size found was 15.


[2021-02-16 15:17:37.456] [jointLog] [info] Number of mappings discarded because of alignment score : 1,944,456
[2021-02-16 15:17:37.456] [jointLog] [info] Number of fragments entirely discarded because of alignment score : 1,847,436
[2021-02-16 15:17:37.456] [jointLog] [info] Number of fragments discarded because they are best-mapped to decoys : 0
[2021-02-16 15:17:37.456] [jointLog] [info] Number of fragments discarded because they have only dovetail (discordant) mappings to valid targets : 192,949
[2021-02-16 15:17:37.456] [jointLog] [info] Mapping rate = 67.1421%

[2021-02-16 15:17:37.456] [jointLog] [info] finished quantifyLibrary()
[2021-02-16 15:17:37.461] [jointLog] [info] Starting optimizer
[2021-02-16 15:17:37.466] [jointLog] [info] Marked 0 weighted equivalence classes as degenerate
[2021-02-16 15:17:37.468] [jointLog] [info] iteration = 0 | max rel diff. = 5560.12
[2021-02-16 15:17:37.477] [jointLog] [info] iteration 11, adjusting effective lengths to account for biases
[2021-02-16 15:17:37.611] [jointLog] [info] Computed expected counts (for bias correction)
[2021-02-16 15:17:37.613] [jointLog] [info] processed bias for 0.1% of the transcripts
[2021-02-16 15:17:37.633] [jointLog] [info] processed bias for 10.0% of the transcripts
[2021-02-16 15:17:37.655] [jointLog] [info] processed bias for 20.1% of the transcripts
[2021-02-16 15:17:37.690] [jointLog] [info] processed bias for 29.9% of the transcripts
[2021-02-16 15:17:37.708] [jointLog] [info] processed bias for 39.9% of the transcripts
[2021-02-16 15:17:37.723] [jointLog] [info] processed bias for 49.9% of the transcripts
[2021-02-16 15:17:37.743] [jointLog] [info] processed bias for 59.8% of the transcripts
[2021-02-16 15:17:37.760] [jointLog] [info] processed bias for 69.8% of the transcripts
[2021-02-16 15:17:37.780] [jointLog] [info] processed bias for 79.7% of the transcripts
[2021-02-16 15:17:37.797] [jointLog] [info] processed bias for 89.7% of the transcripts
[2021-02-16 15:17:37.809] [jointLog] [info] processed bias for 99.6% of the transcripts
[2021-02-16 15:17:37.810] [jointLog] [info] processed bias for 100.0% of the transcripts
[2021-02-16 15:17:37.943] [jointLog] [info] iteration = 100 | max rel diff. = 0.000445991
[2021-02-16 15:17:37.944] [jointLog] [info] Finished optimizer
[2021-02-16 15:17:37.944] [jointLog] [info] writing output 

[2021-02-16 15:17:37.950] [jointLog] [info] Starting Bootstrapping
[2021-02-16 15:17:37.952] [jointLog] [info] Will draw 30 bootstrap samples
[2021-02-16 15:17:37.952] [jointLog] [info] Optimizing over 5,949 equivalence classes
[2021-02-16 15:17:37.952] [jointLog] [info] Marked 0 weighted equivalence classes as degenerate
[2021-02-16 15:17:39.441] [jointLog] [info] wrote 1 bootstraps
[2021-02-16 15:17:39.480] [jointLog] [info] wrote 2 bootstraps
[2021-02-16 15:17:39.572] [jointLog] [info] wrote 3 bootstraps
[2021-02-16 15:17:39.623] [jointLog] [info] wrote 4 bootstraps
[2021-02-16 15:17:39.643] [jointLog] [info] wrote 5 bootstraps
[2021-02-16 15:17:39.645] [jointLog] [info] wrote 6 bootstraps
[2021-02-16 15:17:39.674] [jointLog] [info] wrote 7 bootstraps
[2021-02-16 15:17:39.715] [jointLog] [info] wrote 8 bootstraps
[2021-02-16 15:17:39.736] [jointLog] [info] wrote 9 bootstraps
[2021-02-16 15:17:39.754] [jointLog] [info] wrote 10 bootstraps
[2021-02-16 15:17:39.774] [jointLog] [info] wrote 11 bootstraps
[2021-02-16 15:17:39.786] [jointLog] [info] wrote 12 bootstraps
[2021-02-16 15:17:39.794] [jointLog] [info] wrote 13 bootstraps
[2021-02-16 15:17:39.800] [jointLog] [info] wrote 14 bootstraps
[2021-02-16 15:17:39.801] [jointLog] [info] wrote 15 bootstraps
[2021-02-16 15:17:39.807] [jointLog] [info] wrote 16 bootstraps
[2021-02-16 15:17:39.818] [jointLog] [info] wrote 17 bootstraps
[2021-02-16 15:17:39.825] [jointLog] [info] wrote 18 bootstraps
[2021-02-16 15:17:39.841] [jointLog] [info] wrote 19 bootstraps
[2021-02-16 15:17:39.848] [jointLog] [info] wrote 20 bootstraps
[2021-02-16 15:17:39.855] [jointLog] [info] wrote 21 bootstraps
[2021-02-16 15:17:39.864] [jointLog] [info] wrote 22 bootstraps
[2021-02-16 15:17:39.904] [jointLog] [info] wrote 23 bootstraps
[2021-02-16 15:17:39.906] [jointLog] [info] wrote 24 bootstraps
[2021-02-16 15:17:39.958] [jointLog] [info] wrote 25 bootstraps
[2021-02-16 15:17:39.971] [jointLog] [info] wrote 26 bootstraps
[2021-02-16 15:17:39.974] [jointLog] [info] wrote 27 bootstraps
[2021-02-16 15:17:39.984] [jointLog] [info] wrote 28 bootstraps
[2021-02-16 15:17:40.058] [jointLog] [info] wrote 29 bootstraps
[2021-02-16 15:17:40.891] [jointLog] [info] wrote 30 bootstraps
[2021-02-16 15:17:40.896] [jointLog] [info] Finished Bootstrapping
